Using pre-set license
Built from '2020.3/staging' branch; Version is '2020.3.29f1 (2ff179115da0) revision 3142009'; Using compiler version '192528614'; Build Type 'Release'
OS: 'Windows 10  (10.0.19045) 64bit Professional' Language: 'ko' Physical Memory: 16309 MB
BatchMode: 1, IsHumanControllingUs: 0, StartBugReporterOnCrash: 0, Is64bit: 1, IsPro: 0

COMMAND LINE ARGUMENTS:
C:\Program Files\Unity\Hub\Editor\2020.3.29f1\Editor\Unity.exe
-adb2
-batchMode
-noUpm
-name
AssetImportWorker0
-projectPath
D:/Unity/senier project
-logFile
Logs/AssetImportWorker0.log
-srvPort
53990
Successfully changed project path to: D:/Unity/senier project
D:/Unity/senier project
Using Asset Import Pipeline V2.
Refreshing native plugins compatible for Editor in 43.26 ms, found 6 plugins.
Preloading 0 native plugins for Editor in 0.00 ms.
Initialize engine version: 2020.3.29f1 (2ff179115da0)
[Subsystems] Discovering subsystems at path C:/Program Files/Unity/Hub/Editor/2020.3.29f1/Editor/Data/Resources/UnitySubsystems
[Subsystems] Discovering subsystems at path D:/Unity/senier project/Assets
GfxDevice: creating device client; threaded=0
Direct3D:
    Version:  Direct3D 11.0 [level 11.1]
    Renderer: NVIDIA GeForce RTX 3060 Ti (ID=0x2489)
    Vendor:   
    VRAM:     8024 MB
    Driver:   32.0.15.6614
Initialize mono
Mono path[0] = 'C:/Program Files/Unity/Hub/Editor/2020.3.29f1/Editor/Data/Managed'
Mono path[1] = 'C:/Program Files/Unity/Hub/Editor/2020.3.29f1/Editor/Data/MonoBleedingEdge/lib/mono/unityjit'
Mono config path = 'C:/Program Files/Unity/Hub/Editor/2020.3.29f1/Editor/Data/MonoBleedingEdge/etc'
Using monoOptions --debugger-agent=transport=dt_socket,embedding=1,server=y,suspend=n,address=127.0.0.1:56188
Begin MonoManager ReloadAssembly
Registering precompiled unity dll's ...
Register platform support module: C:/Program Files/Unity/Hub/Editor/2020.3.29f1/Editor/Data/PlaybackEngines/WindowsStandaloneSupport/UnityEditor.WindowsStandalone.Extensions.dll
Registered in 0.001782 seconds.
Native extension for WindowsStandalone target not found
Refreshing native plugins compatible for Editor in 34.30 ms, found 6 plugins.
Preloading 0 native plugins for Editor in 0.00 ms.
Mono: successfully reloaded assembly
- Completed reload, in  0.423 seconds
Domain Reload Profiling:
	ReloadAssembly (423ms)
		BeginReloadAssembly (55ms)
			ExecutionOrderSort (0ms)
			DisableScriptedObjects (0ms)
			BackupInstance (0ms)
			ReleaseScriptingObjects (0ms)
			CreateAndSetChildDomain (1ms)
		EndReloadAssembly (316ms)
			LoadAssemblies (53ms)
			RebuildTransferFunctionScriptingTraits (0ms)
			SetupTypeCache (89ms)
			ReleaseScriptCaches (0ms)
			RebuildScriptCaches (23ms)
			SetupLoadedEditorAssemblies (130ms)
				LogAssemblyErrors (0ms)
				InitializePlatformSupportModulesInManaged (3ms)
				SetLoadedEditorAssemblies (0ms)
				RefreshPlugins (34ms)
				BeforeProcessingInitializeOnLoad (13ms)
				ProcessInitializeOnLoadAttributes (59ms)
				ProcessInitializeOnLoadMethodAttributes (20ms)
				AfterProcessingInitializeOnLoad (0ms)
				EditorAssembliesLoaded (0ms)
			ExecutionOrderSort2 (0ms)
			AwakeInstancesAfterBackupRestoration (0ms)
Platform modules already initialized, skipping
Registering precompiled user dll's ...
Registered in 0.002781 seconds.
Begin MonoManager ReloadAssembly
Native extension for WindowsStandalone target not found
Refreshing native plugins compatible for Editor in 34.07 ms, found 6 plugins.
Preloading 0 native plugins for Editor in 0.00 ms.
Mono: successfully reloaded assembly
- Completed reload, in  0.785 seconds
Domain Reload Profiling:
	ReloadAssembly (785ms)
		BeginReloadAssembly (108ms)
			ExecutionOrderSort (0ms)
			DisableScriptedObjects (3ms)
			BackupInstance (0ms)
			ReleaseScriptingObjects (0ms)
			CreateAndSetChildDomain (13ms)
		EndReloadAssembly (634ms)
			LoadAssemblies (80ms)
			RebuildTransferFunctionScriptingTraits (0ms)
			SetupTypeCache (182ms)
			ReleaseScriptCaches (0ms)
			RebuildScriptCaches (40ms)
			SetupLoadedEditorAssemblies (265ms)
				LogAssemblyErrors (0ms)
				InitializePlatformSupportModulesInManaged (3ms)
				SetLoadedEditorAssemblies (0ms)
				RefreshPlugins (34ms)
				BeforeProcessingInitializeOnLoad (67ms)
				ProcessInitializeOnLoadAttributes (143ms)
				ProcessInitializeOnLoadMethodAttributes (13ms)
				AfterProcessingInitializeOnLoad (6ms)
				EditorAssembliesLoaded (0ms)
			ExecutionOrderSort2 (0ms)
			AwakeInstancesAfterBackupRestoration (5ms)
Platform modules already initialized, skipping
========================================================================
Worker process is ready to serve import requests
Launched and connected shader compiler UnityShaderCompiler.exe after 0.04 seconds
Refreshing native plugins compatible for Editor in 0.49 ms, found 6 plugins.
Preloading 0 native plugins for Editor in 0.00 ms.
Unloading 2373 Unused Serialized files (Serialized files now loaded: 0)
System memory in use before: 101.4 MB.
System memory in use after: 101.6 MB.

Unloading 34 unused Assets to reduce memory usage. Loaded Objects now: 2805.
Total: 2.354800 ms (FindLiveObjects: 0.152900 ms CreateObjectMapping: 0.053500 ms MarkObjects: 2.088000 ms  DeleteObjects: 0.059700 ms)

AssetImportParameters requested are different than current active one (requested -> active):
  custom:framework-win-MediaFoundation: 216162199b28c13a410421893ffa2e32 -> 
  custom:video-decoder-ogg-theora: a1e56fd34408186e4bbccfd4996cb3dc -> 
  custom:container-muxer-webm: aa71ff27fc2769a1b78a27578f13a17b -> 
  custom:container-demuxer-webm: 4f35f7cbe854078d1ac9338744f61a02 -> 
  custom:container-demuxer-ogg: 62fdf1f143b41e24485cea50d1cbac27 -> 
  custom:video-encoder-webm-vp8: eb34c28f22e8b96e1ab97ce403110664 -> 
  custom:video-decoder-webm-vp8: 9c59270c3fd7afecdb556c50c9e8de78 -> 
  custom:audio-decoder-ogg-vorbis: bf7c407c2cedff20999df2af8eb42d56 -> 
  custom:audio-encoder-webm-vorbis: bf7c407c2cedff20999df2af8eb42d56 -> 
========================================================================
Received Import Request.
  path: Assets/Scenes/TitleScene.unity
  artifactKey: Guid(4a81d5fea62c748468d4aa340e1c2ab7) Importer(815301076,1909f56bfc062723c751e8b465ee728b)
Start importing Assets/Scenes/TitleScene.unity using Guid(4a81d5fea62c748468d4aa340e1c2ab7) Importer(815301076,1909f56bfc062723c751e8b465ee728b)  -> (artifact id: 'eebbed4811ee866744f5a508e14f1b35') in 0.018771 seconds 
  Import took 0.044935 seconds .

========================================================================
Received Prepare
Registering precompiled user dll's ...
Registered in 0.003284 seconds.
Begin MonoManager ReloadAssembly
Native extension for WindowsStandalone target not found
Refreshing native plugins compatible for Editor in 0.53 ms, found 6 plugins.
Preloading 0 native plugins for Editor in 0.00 ms.
Mono: successfully reloaded assembly
- Completed reload, in  0.727 seconds
Domain Reload Profiling:
	ReloadAssembly (727ms)
		BeginReloadAssembly (97ms)
			ExecutionOrderSort (0ms)
			DisableScriptedObjects (4ms)
			BackupInstance (0ms)
			ReleaseScriptingObjects (0ms)
			CreateAndSetChildDomain (26ms)
		EndReloadAssembly (589ms)
			LoadAssemblies (81ms)
			RebuildTransferFunctionScriptingTraits (0ms)
			SetupTypeCache (189ms)
			ReleaseScriptCaches (1ms)
			RebuildScriptCaches (36ms)
			SetupLoadedEditorAssemblies (230ms)
				LogAssemblyErrors (0ms)
				InitializePlatformSupportModulesInManaged (4ms)
				SetLoadedEditorAssemblies (0ms)
				RefreshPlugins (1ms)
				BeforeProcessingInitializeOnLoad (65ms)
				ProcessInitializeOnLoadAttributes (146ms)
				ProcessInitializeOnLoadMethodAttributes (8ms)
				AfterProcessingInitializeOnLoad (6ms)
				EditorAssembliesLoaded (0ms)
			ExecutionOrderSort2 (0ms)
			AwakeInstancesAfterBackupRestoration (6ms)
Platform modules already initialized, skipping
Refreshing native plugins compatible for Editor in 0.46 ms, found 6 plugins.
Preloading 0 native plugins for Editor in 0.00 ms.
Unloading 2356 Unused Serialized files (Serialized files now loaded: 0)
System memory in use before: 100.2 MB.
System memory in use after: 100.5 MB.

Unloading 23 unused Assets to reduce memory usage. Loaded Objects now: 2807.
Total: 2.291100 ms (FindLiveObjects: 0.137700 ms CreateObjectMapping: 0.062300 ms MarkObjects: 2.074300 ms  DeleteObjects: 0.016200 ms)

AssetImportParameters requested are different than current active one (requested -> active):
  custom:framework-win-MediaFoundation: 216162199b28c13a410421893ffa2e32 -> 
  custom:video-decoder-ogg-theora: a1e56fd34408186e4bbccfd4996cb3dc -> 
  custom:container-muxer-webm: aa71ff27fc2769a1b78a27578f13a17b -> 
  custom:container-demuxer-webm: 4f35f7cbe854078d1ac9338744f61a02 -> 
  custom:container-demuxer-ogg: 62fdf1f143b41e24485cea50d1cbac27 -> 
  custom:video-encoder-webm-vp8: eb34c28f22e8b96e1ab97ce403110664 -> 
  custom:video-decoder-webm-vp8: 9c59270c3fd7afecdb556c50c9e8de78 -> 
  custom:audio-decoder-ogg-vorbis: bf7c407c2cedff20999df2af8eb42d56 -> 
  custom:audio-encoder-webm-vorbis: bf7c407c2cedff20999df2af8eb42d56 -> 
========================================================================
Received Import Request.
  Time since last request: 528.309874 seconds.
  path: Assets/2D Run/Script/Player.cs
  artifactKey: Guid(ed9625580f415484cafb6757f7454536) Importer(815301076,1909f56bfc062723c751e8b465ee728b)
Start importing Assets/2D Run/Script/Player.cs using Guid(ed9625580f415484cafb6757f7454536) Importer(815301076,1909f56bfc062723c751e8b465ee728b)  -> (artifact id: '3486d346d0c22d56174ae645b2a6daaf') in 0.051564 seconds 
  Import took 0.080525 seconds .

========================================================================
Received Import Request.
  Time since last request: 0.230006 seconds.
  path: Assets/2D Run/Script/RunManager.cs
  artifactKey: Guid(a2f709936a2ac5748a07548f95c83b51) Importer(815301076,1909f56bfc062723c751e8b465ee728b)
Start importing Assets/2D Run/Script/RunManager.cs using Guid(a2f709936a2ac5748a07548f95c83b51) Importer(815301076,1909f56bfc062723c751e8b465ee728b)  -> (artifact id: 'e43d59179195a82eef5b1bc9cc4702d7') in 0.007712 seconds 
  Import took 0.034306 seconds .

========================================================================
Received Import Request.
  Time since last request: 10.672677 seconds.
  path: Assets/2D Run/Script/ObstaclePrefab.cs
  artifactKey: Guid(11bb7020b31a48f42ac25b14ed87ad1a) Importer(815301076,1909f56bfc062723c751e8b465ee728b)
Start importing Assets/2D Run/Script/ObstaclePrefab.cs using Guid(11bb7020b31a48f42ac25b14ed87ad1a) Importer(815301076,1909f56bfc062723c751e8b465ee728b)  -> (artifact id: '973d489c296ff8b12b04f63ecee21db4') in 0.012681 seconds 
  Import took 0.039382 seconds .

========================================================================
Received Import Request.
  Time since last request: 1.936764 seconds.
  path: Assets/2D Run/Script/BackGroundMove.cs
  artifactKey: Guid(71cda4df4cf4ea440a6fdc285520e2d0) Importer(815301076,1909f56bfc062723c751e8b465ee728b)
Start importing Assets/2D Run/Script/BackGroundMove.cs using Guid(71cda4df4cf4ea440a6fdc285520e2d0) Importer(815301076,1909f56bfc062723c751e8b465ee728b)  -> (artifact id: '06e10068c1956f46a61cd80ea772d702') in 0.007466 seconds 
  Import took 0.012590 seconds .

========================================================================
Received Prepare
Registering precompiled user dll's ...
Registered in 0.002842 seconds.
Begin MonoManager ReloadAssembly
Native extension for WindowsStandalone target not found
Refreshing native plugins compatible for Editor in 0.64 ms, found 6 plugins.
Preloading 0 native plugins for Editor in 0.00 ms.
Mono: successfully reloaded assembly
- Completed reload, in  0.771 seconds
Domain Reload Profiling:
	ReloadAssembly (771ms)
		BeginReloadAssembly (102ms)
			ExecutionOrderSort (0ms)
			DisableScriptedObjects (5ms)
			BackupInstance (0ms)
			ReleaseScriptingObjects (0ms)
			CreateAndSetChildDomain (29ms)
		EndReloadAssembly (622ms)
			LoadAssemblies (83ms)
			RebuildTransferFunctionScriptingTraits (0ms)
			SetupTypeCache (192ms)
			ReleaseScriptCaches (1ms)
			RebuildScriptCaches (37ms)
			SetupLoadedEditorAssemblies (250ms)
				LogAssemblyErrors (0ms)
				InitializePlatformSupportModulesInManaged (4ms)
				SetLoadedEditorAssemblies (0ms)
				RefreshPlugins (1ms)
				BeforeProcessingInitializeOnLoad (70ms)
				ProcessInitializeOnLoadAttributes (159ms)
				ProcessInitializeOnLoadMethodAttributes (9ms)
				AfterProcessingInitializeOnLoad (7ms)
				EditorAssembliesLoaded (0ms)
			ExecutionOrderSort2 (0ms)
			AwakeInstancesAfterBackupRestoration (7ms)
Platform modules already initialized, skipping
Refreshing native plugins compatible for Editor in 0.53 ms, found 6 plugins.
Preloading 0 native plugins for Editor in 0.00 ms.
Unloading 2356 Unused Serialized files (Serialized files now loaded: 0)
System memory in use before: 100.3 MB.
System memory in use after: 100.5 MB.

Unloading 23 unused Assets to reduce memory usage. Loaded Objects now: 2809.
Total: 2.775900 ms (FindLiveObjects: 0.179800 ms CreateObjectMapping: 0.093000 ms MarkObjects: 2.482600 ms  DeleteObjects: 0.019900 ms)

AssetImportParameters requested are different than current active one (requested -> active):
  custom:framework-win-MediaFoundation: 216162199b28c13a410421893ffa2e32 -> 
  custom:video-decoder-ogg-theora: a1e56fd34408186e4bbccfd4996cb3dc -> 
  custom:container-muxer-webm: aa71ff27fc2769a1b78a27578f13a17b -> 
  custom:container-demuxer-webm: 4f35f7cbe854078d1ac9338744f61a02 -> 
  custom:container-demuxer-ogg: 62fdf1f143b41e24485cea50d1cbac27 -> 
  custom:video-encoder-webm-vp8: eb34c28f22e8b96e1ab97ce403110664 -> 
  custom:video-decoder-webm-vp8: 9c59270c3fd7afecdb556c50c9e8de78 -> 
  custom:audio-decoder-ogg-vorbis: bf7c407c2cedff20999df2af8eb42d56 -> 
  custom:audio-encoder-webm-vorbis: bf7c407c2cedff20999df2af8eb42d56 -> 
========================================================================
Received Import Request.
  Time since last request: 486.360180 seconds.
  path: Assets/DebugGUI/DebugGUI.cs
  artifactKey: Guid(902b767a45c917245b420593501210c8) Importer(815301076,1909f56bfc062723c751e8b465ee728b)
Start importing Assets/DebugGUI/DebugGUI.cs using Guid(902b767a45c917245b420593501210c8) Importer(815301076,1909f56bfc062723c751e8b465ee728b)  -> (artifact id: '457b07f774f662c0ce5ff9f1be4d5415') in 0.010857 seconds 
  Import took 0.029326 seconds .

========================================================================
Received Import Request.
  Time since last request: 92.243609 seconds.
  path: Assets/Plugins/MindwaveUnity/Core/MindwaveController.cs
  artifactKey: Guid(e330e73c726a06f4f94b9b0511d4467d) Importer(815301076,1909f56bfc062723c751e8b465ee728b)
Start importing Assets/Plugins/MindwaveUnity/Core/MindwaveController.cs using Guid(e330e73c726a06f4f94b9b0511d4467d) Importer(815301076,1909f56bfc062723c751e8b465ee728b)  -> (artifact id: '7a42cbbc35ba8c1ad0de075efb32132b') in 0.007567 seconds 
  Import took 0.026009 seconds .

========================================================================
Received Import Request.
  Time since last request: 202.928928 seconds.
  path: Assets/Timer/Script/Timer.cs
  artifactKey: Guid(b03aec6a8b83e3948b15c60f675bb229) Importer(815301076,1909f56bfc062723c751e8b465ee728b)
Start importing Assets/Timer/Script/Timer.cs using Guid(b03aec6a8b83e3948b15c60f675bb229) Importer(815301076,1909f56bfc062723c751e8b465ee728b)  -> (artifact id: '425696e441ed7954f25c914d2de002d2') in 0.007811 seconds 
  Import took 0.011321 seconds .

========================================================================
Received Prepare
Registering precompiled user dll's ...
Registered in 0.002780 seconds.
Begin MonoManager ReloadAssembly
Native extension for WindowsStandalone target not found
Refreshing native plugins compatible for Editor in 0.55 ms, found 6 plugins.
Preloading 0 native plugins for Editor in 0.00 ms.
Mono: successfully reloaded assembly
- Completed reload, in  0.800 seconds
Domain Reload Profiling:
	ReloadAssembly (800ms)
		BeginReloadAssembly (108ms)
			ExecutionOrderSort (0ms)
			DisableScriptedObjects (5ms)
			BackupInstance (0ms)
			ReleaseScriptingObjects (0ms)
			CreateAndSetChildDomain (32ms)
		EndReloadAssembly (639ms)
			LoadAssemblies (91ms)
			RebuildTransferFunctionScriptingTraits (0ms)
			SetupTypeCache (209ms)
			ReleaseScriptCaches (1ms)
			RebuildScriptCaches (37ms)
			SetupLoadedEditorAssemblies (247ms)
				LogAssemblyErrors (0ms)
				InitializePlatformSupportModulesInManaged (4ms)
				SetLoadedEditorAssemblies (0ms)
				RefreshPlugins (1ms)
				BeforeProcessingInitializeOnLoad (69ms)
				ProcessInitializeOnLoadAttributes (157ms)
				ProcessInitializeOnLoadMethodAttributes (10ms)
				AfterProcessingInitializeOnLoad (7ms)
				EditorAssembliesLoaded (0ms)
			ExecutionOrderSort2 (0ms)
			AwakeInstancesAfterBackupRestoration (7ms)
Platform modules already initialized, skipping
Refreshing native plugins compatible for Editor in 0.54 ms, found 6 plugins.
Preloading 0 native plugins for Editor in 0.00 ms.
Unloading 2356 Unused Serialized files (Serialized files now loaded: 0)
System memory in use before: 100.3 MB.
System memory in use after: 100.5 MB.

Unloading 23 unused Assets to reduce memory usage. Loaded Objects now: 2811.
Total: 2.679500 ms (FindLiveObjects: 0.210000 ms CreateObjectMapping: 0.059000 ms MarkObjects: 2.392200 ms  DeleteObjects: 0.017500 ms)

AssetImportParameters requested are different than current active one (requested -> active):
  custom:framework-win-MediaFoundation: 216162199b28c13a410421893ffa2e32 -> 
  custom:video-decoder-ogg-theora: a1e56fd34408186e4bbccfd4996cb3dc -> 
  custom:container-muxer-webm: aa71ff27fc2769a1b78a27578f13a17b -> 
  custom:container-demuxer-webm: 4f35f7cbe854078d1ac9338744f61a02 -> 
  custom:container-demuxer-ogg: 62fdf1f143b41e24485cea50d1cbac27 -> 
  custom:video-encoder-webm-vp8: eb34c28f22e8b96e1ab97ce403110664 -> 
  custom:video-decoder-webm-vp8: 9c59270c3fd7afecdb556c50c9e8de78 -> 
  custom:audio-decoder-ogg-vorbis: bf7c407c2cedff20999df2af8eb42d56 -> 
  custom:audio-encoder-webm-vorbis: bf7c407c2cedff20999df2af8eb42d56 -> 
========================================================================
Received Import Request.
  Time since last request: 218.633141 seconds.
  path: Assets/card/Script/CameraHit.cs
  artifactKey: Guid(ef65ae38ac82d9b4c8daecd1b6dbb5b0) Importer(815301076,1909f56bfc062723c751e8b465ee728b)
Start importing Assets/card/Script/CameraHit.cs using Guid(ef65ae38ac82d9b4c8daecd1b6dbb5b0) Importer(815301076,1909f56bfc062723c751e8b465ee728b)  -> (artifact id: '2e6a08b4c75cf689c9e409b5d987a238') in 0.013789 seconds 
  Import took 0.031130 seconds .

========================================================================
Received Import Request.
  Time since last request: 3.842767 seconds.
  path: Assets/card/Script/GameManager.cs
  artifactKey: Guid(ab821e2c4eed407448938dc81141754b) Importer(815301076,1909f56bfc062723c751e8b465ee728b)
Start importing Assets/card/Script/GameManager.cs using Guid(ab821e2c4eed407448938dc81141754b) Importer(815301076,1909f56bfc062723c751e8b465ee728b)  -> (artifact id: 'a062a59609650fee3f58a2997b2e038e') in 0.007533 seconds 
  Import took 0.018854 seconds .

========================================================================
Received Import Request.
  Time since last request: 759.126118 seconds.
  path: Assets/Store/Script/StoreManager.cs
  artifactKey: Guid(dfd4251084c17df4588fe9d2feb195f4) Importer(815301076,1909f56bfc062723c751e8b465ee728b)
Start importing Assets/Store/Script/StoreManager.cs using Guid(dfd4251084c17df4588fe9d2feb195f4) Importer(815301076,1909f56bfc062723c751e8b465ee728b)  -> (artifact id: '5d6af11a49277eb5cd7d01ecc8f829db') in 0.007922 seconds 
  Import took 0.038239 seconds .

AssetImportWorkerClient::OnTransportError - code=2 error=End of file
